<?xml version="1.0" encoding="UTF-8"?>
<!-- Generated by org.testng.reporters.JUnitReportReporter -->
<testsuite hostname="DESKTOP-HIUNGH3" failures="0" tests="1" name="com.shine.automation.tests.JobSearchTest" time="46.001" errors="0" timestamp="2025-09-10T16:32:57 IST" skipped="0">
  <testcase classname="com.shine.automation.tests.JobSearchTest" name="jobSearchAndApply" time="46.001"/>
</testsuite> <!-- com.shine.automation.tests.JobSearchTest -->
